<?xml version="1.0" encoding="UTF-8"?>
<!-- Generated by org.testng.reporters.JUnitReportReporter -->
<testsuite hostname="tvisha" failures="0" tests="1" name="Testscripts.Logintest" time="3.149" errors="0" timestamp="2024-05-31T12:31:09 IST" skipped="0">
  <testcase classname="Testscripts.Logintest" name="Verify_LoginFunctionality_withValidData" time="3.149"/>
  <system-out/>
</testsuite> <!-- Testscripts.Logintest -->
