<?xml version="1.0" encoding="UTF-8"?>
<!-- Generated by org.testng.reporters.JUnitReportReporter -->
<testsuite hostname="tvisha" failures="0" tests="1" name="Testscripts.Adminyoursloginpagetest" time="20.730" errors="0" timestamp="2024-07-12T15:30:50 IST" skipped="0">
  <testcase classname="Testscripts.Adminyoursloginpagetest" name="verifyloginfunctionlityWithValidDetails" time="20.730"/>
  <system-out/>
</testsuite> <!-- Testscripts.Adminyoursloginpagetest -->
